Schedule time (MPS start): 35
job 59 scheduled on GPU 0, jobs [59], slice ['7g.40gb'], new mean degradation 1.0
MPS complete time: 65
jobs [59] finished MPS on GPU 0
Schedule time (MPS start): 67
job 78 scheduled on GPU 1, jobs [78], slice ['7g.40gb'], new mean degradation 1.0
MPS complete time: 97
jobs [78] finished MPS on GPU 1
Schedule time (MPS start): 97
job 47 scheduled on GPU 2, jobs [47], slice ['7g.40gb'], new mean degradation 1.0
Schedule time (MPS start): 122
job 34 scheduled on GPU 3, jobs [34], slice ['7g.40gb'], new mean degradation 1.0
MPS complete time: 127
jobs [47] finished MPS on GPU 2
Schedule time (MPS start): 146
job 17 scheduled on GPU 4, jobs [17], slice ['7g.40gb'], new mean degradation 1.0
MPS complete time: 152
jobs [34] finished MPS on GPU 3
MPS complete time: 176
jobs [17] finished MPS on GPU 4
Schedule time (MPS start): 182
job 23 scheduled on GPU 5, jobs [23], slice ['7g.40gb'], new mean degradation 1.0
MPS complete time: 212
jobs [23] finished MPS on GPU 5
Schedule time (MPS start): 216
job 86 scheduled on GPU 6, jobs [86], slice ['7g.40gb'], new mean degradation 1.0
MPS complete time: 246
jobs [86] finished MPS on GPU 6
Schedule time (MPS start): 255
job 0 scheduled on GPU 7, jobs [0], slice ['7g.40gb'], new mean degradation 1.0
MPS complete time: 285
jobs [0] finished MPS on GPU 7
Schedule time (MPS start): 286
job 43 scheduled on GPU 0, jobs [59, 43], slice ['3g.20gb', '3g.20gb'], new mean degradation 1.9123990552633439
Finish time: 291
job 17 finished
Finish time: 312
job 34 finished
Schedule time (MPS start): 314
job 64 scheduled on GPU 3, jobs [64], slice ['7g.40gb'], new mean degradation 1.0
MPS complete time: 316
jobs [59, 43] finished MPS on GPU 0
Finish time: 333
job 23 finished
Schedule time (MPS start): 343
job 99 scheduled on GPU 4, jobs [99], slice ['7g.40gb'], new mean degradation 1.0
MPS complete time: 344
jobs [64] finished MPS on GPU 3
Finish time: 348
job 47 finished
MPS complete time: 373
jobs [99] finished MPS on GPU 4
Schedule time (MPS start): 375
job 77 scheduled on GPU 2, jobs [77], slice ['7g.40gb'], new mean degradation 1.0
Finish time: 400
job 0 finished
MPS complete time: 405
jobs [77] finished MPS on GPU 2
Schedule time (MPS start): 407
job 10 scheduled on GPU 5, jobs [10], slice ['7g.40gb'], new mean degradation 1.0
MPS complete time: 437
jobs [10] finished MPS on GPU 5
Schedule time (MPS start): 442
job 42 scheduled on GPU 7, jobs [42], slice ['7g.40gb'], new mean degradation 1.0
MPS complete time: 472
jobs [42] finished MPS on GPU 7
Schedule time (MPS start): 481
job 70 scheduled on GPU 1, jobs [78, 70], slice ['3g.20gb', '3g.20gb'], new mean degradation 1.459647149442258
Schedule time (MPS start): 502
job 98 scheduled on GPU 2, jobs [77, 98], slice ['3g.20gb', '3g.20gb'], new mean degradation 1.988552639711937
MPS complete time: 511
jobs [78, 70] finished MPS on GPU 1
MPS complete time: 532
jobs [77, 98] finished MPS on GPU 2
Schedule time (MPS start): 533
job 5 scheduled on GPU 3, jobs [64, 5], slice ['3g.20gb', '3g.20gb'], new mean degradation 1.2156767052849315
Finish time: 552
job 59 finished
Finish time: 552
job 10 finished
MIG re-partition on GPU 0, jobs [43], slice ['7g.40gb'], 1 migration counts
Schedule time (MPS start): 558
job 48 scheduled on GPU 5, jobs [48], slice ['7g.40gb'], new mean degradation 1.0
MPS complete time: 563
jobs [64, 5] finished MPS on GPU 3
Schedule time (MPS start): 585
job 21 scheduled on GPU 0, jobs [43, 21], slice ['3g.20gb', '3g.20gb'], new mean degradation 1.3858666241428508
MPS complete time: 588
jobs [48] finished MPS on GPU 5
Schedule time (MPS start): 612
job 57 scheduled on GPU 4, jobs [99, 57], slice ['3g.20gb', '3g.20gb'], new mean degradation 1.6824921456152613
MPS complete time: 615
jobs [43, 21] finished MPS on GPU 0
Finish time: 638
job 43 finished
MIG re-partition on GPU 0, jobs [21], slice ['7g.40gb'], 1 migration counts
Schedule time (MPS start): 640
job 54 scheduled on GPU 0, jobs [21, 54], slice ['3g.20gb', '3g.20gb'], new mean degradation 1.1891956742312633
MPS complete time: 642
jobs [99, 57] finished MPS on GPU 4
Finish time: 665
job 42 finished
MPS complete time: 670
jobs [21, 54] finished MPS on GPU 0
Schedule time (MPS start): 676
job 20 scheduled on GPU 7, jobs [20], slice ['7g.40gb'], new mean degradation 1.0
Schedule time (MPS start): 704
job 81 scheduled on GPU 5, jobs [48, 81], slice ['3g.20gb', '3g.20gb'], new mean degradation 1.5553322457636867
MPS complete time: 706
jobs [20] finished MPS on GPU 7
Finish time: 730
job 5 finished
MIG re-partition on GPU 3, jobs [64], slice ['7g.40gb'], 1 migration counts
MPS complete time: 734
jobs [48, 81] finished MPS on GPU 5
Schedule time (MPS start): 740
job 30 scheduled on GPU 3, jobs [64, 30], slice ['3g.20gb', '3g.20gb'], new mean degradation 1.2116438270367937
Finish time: 764
job 21 finished
MIG re-partition on GPU 0, jobs [54], slice ['7g.40gb'], 1 migration counts
MPS complete time: 770
jobs [64, 30] finished MPS on GPU 3
Schedule time (MPS start): 770
job 6 scheduled on GPU 0, jobs [54, 6], slice ['3g.20gb', '3g.20gb'], new mean degradation 1.3153999085611847
Schedule time (MPS start): 790
job 14 scheduled on GPU 6, jobs [86, 14], slice ['3g.20gb', '3g.20gb'], new mean degradation 1.8025917436924042
MPS complete time: 800
jobs [54, 6] finished MPS on GPU 0
Schedule time (MPS start): 817
job 16 scheduled on GPU 7, jobs [20, 16], slice ['3g.20gb', '3g.20gb'], new mean degradation 1.5435129154838876
MPS complete time: 820
jobs [86, 14] finished MPS on GPU 6
Finish time: 832
job 20 finished
Finish time: 833
job 64 finished
MIG re-partition on GPU 3, jobs [30], slice ['7g.40gb'], 1 migration counts
Schedule time (MPS start): 844
job 90 scheduled on GPU 3, jobs [30, 90], slice ['3g.20gb', '3g.20gb'], new mean degradation 1.291580607354771
MPS complete time: 847
jobs [16] finished MPS on GPU 7
MIG re-partition on GPU 7, jobs [16], slice ['7g.40gb'], 1 migration counts
Schedule time (MPS start): 871
job 8 scheduled on GPU 7, jobs [16, 8], slice ['3g.20gb', '3g.20gb'], new mean degradation 1.3204605504328892
MPS complete time: 874
jobs [30, 90] finished MPS on GPU 3
MPS complete time: 901
jobs [16, 8] finished MPS on GPU 7
Schedule time (MPS start): 908
job 49 scheduled on GPU 0, jobs [49, 54, 6], slice ['3g.20gb', '2g.10gb', '2g.10gb'], new mean degradation 1.962176111829433
MPS complete time: 938
jobs [49, 54, 6] finished MPS on GPU 0
Finish time: 942
job 48 finished
MIG re-partition on GPU 5, jobs [81], slice ['7g.40gb'], 1 migration counts
Schedule time (MPS start): 945
job 13 scheduled on GPU 5, jobs [81, 13], slice ['3g.20gb', '3g.20gb'], new mean degradation 1.2194445971534855
MPS complete time: 975
jobs [81, 13] finished MPS on GPU 5
Schedule time (MPS start): 977
job 37 scheduled on GPU 1, jobs [70, 78, 37], slice ['3g.20gb', '2g.10gb', '2g.10gb'], new mean degradation 2.1394029384149538
Finish time: 1002
job 6 finished
MIG re-partition on GPU 0, jobs [49, 54], slice ['3g.20gb', '3g.20gb'], 1 migration counts
MPS complete time: 1007
jobs [70, 78, 37] finished MPS on GPU 1
Finish time: 1009
job 30 finished
MIG re-partition on GPU 3, jobs [90], slice ['7g.40gb'], 1 migration counts
Schedule time (MPS start): 1009
job 26 scheduled on GPU 3, jobs [90, 26], slice ['3g.20gb', '3g.20gb'], new mean degradation 1.2386862794943598
Finish time: 1023
job 8 finished
MIG re-partition on GPU 7, jobs [16], slice ['7g.40gb'], 1 migration counts
Finish time: 1036
job 16 finished
Schedule time (MPS start): 1036
job 28 scheduled on GPU 7, jobs [28], slice ['7g.40gb'], new mean degradation 1.0
MPS complete time: 1039
jobs [90, 26] finished MPS on GPU 3
Finish time: 1050
job 14 finished
MIG re-partition on GPU 6, jobs [86], slice ['7g.40gb'], 1 migration counts
MPS complete time: 1066
jobs [28] finished MPS on GPU 7
Schedule time (MPS start): 1091
job 53 scheduled on GPU 6, jobs [86, 53], slice ['3g.20gb', '3g.20gb'], new mean degradation 1.3966099939551784
Finish time: 1108
job 54 finished
MIG re-partition on GPU 0, jobs [49], slice ['7g.40gb'], 1 migration counts
MPS complete time: 1121
jobs [86, 53] finished MPS on GPU 6
Finish time: 1126
job 13 finished
MIG re-partition on GPU 5, jobs [81], slice ['7g.40gb'], 1 migration counts
Schedule time (MPS start): 1152
job 11 scheduled on GPU 0, jobs [49, 11], slice ['3g.20gb', '3g.20gb'], new mean degradation 1.494048075442247
Finish time: 1157
job 78 finished
MIG re-partition on GPU 1, jobs [70, 37], slice ['3g.20gb', '3g.20gb'], 1 migration counts
MPS complete time: 1182
jobs [49, 11] finished MPS on GPU 0
Finish time: 1203
job 28 finished
Finish time: 1206
job 26 finished
MIG re-partition on GPU 3, jobs [90], slice ['7g.40gb'], 1 migration counts
Schedule time (MPS start): 1211
job 96 scheduled on GPU 7, jobs [96], slice ['7g.40gb'], new mean degradation 1.0
Finish time: 1212
job 57 finished
MIG re-partition on GPU 4, jobs [99], slice ['7g.40gb'], 1 migration counts
MPS complete time: 1241
jobs [96] finished MPS on GPU 7
Schedule time (MPS start): 1267
job 58 scheduled on GPU 3, jobs [90, 58], slice ['3g.20gb', '3g.20gb'], new mean degradation 1.5239232953132067
MPS complete time: 1297
jobs [90, 58] finished MPS on GPU 3
Finish time: 1300
job 11 finished
MIG re-partition on GPU 0, jobs [49], slice ['7g.40gb'], 1 migration counts
Schedule time (MPS start): 1323
job 69 scheduled on GPU 0, jobs [49, 69], slice ['3g.20gb', '3g.20gb'], new mean degradation 1.9702554405994392
MPS complete time: 1353
jobs [49, 69] finished MPS on GPU 0
Finish time: 1375
job 49 finished
MIG re-partition on GPU 0, jobs [69], slice ['7g.40gb'], 1 migration counts
Schedule time (MPS start): 1385
job 25 scheduled on GPU 0, jobs [69, 25], slice ['3g.20gb', '3g.20gb'], new mean degradation 1.672396899776781
Finish time: 1411
job 37 finished
MIG re-partition on GPU 1, jobs [70], slice ['7g.40gb'], 1 migration counts
MPS complete time: 1415
jobs [69, 25] finished MPS on GPU 0
Schedule time (MPS start): 1430
job 95 scheduled on GPU 1, jobs [70, 95], slice ['3g.20gb', '3g.20gb'], new mean degradation 1.9135549162525325
MPS complete time: 1460
jobs [70, 95] finished MPS on GPU 1
Finish time: 1477
job 53 finished
MIG re-partition on GPU 6, jobs [86], slice ['7g.40gb'], 1 migration counts
Schedule time (MPS start): 1497
job 88 scheduled on GPU 4, jobs [99, 88], slice ['3g.20gb', '3g.20gb'], new mean degradation 1.371328739173125
MPS complete time: 1527
jobs [99, 88] finished MPS on GPU 4
Schedule time (MPS start): 1559
job 51 scheduled on GPU 5, jobs [81, 51], slice ['3g.20gb', '3g.20gb'], new mean degradation 1.536275756665714
MPS complete time: 1589
jobs [81, 51] finished MPS on GPU 5
Finish time: 1590
job 25 finished
MIG re-partition on GPU 0, jobs [69], slice ['7g.40gb'], 1 migration counts
Schedule time (MPS start): 1615
job 2 scheduled on GPU 0, jobs [69, 2], slice ['3g.20gb', '3g.20gb'], new mean degradation 1.71440324728618
MPS complete time: 1645
jobs [69, 2] finished MPS on GPU 0
Schedule time (MPS start): 1670
job 12 scheduled on GPU 6, jobs [86, 12], slice ['3g.20gb', '3g.20gb'], new mean degradation 1.3187607971959174
MPS complete time: 1700
jobs [86, 12] finished MPS on GPU 6
Finish time: 1702
job 70 finished
MIG re-partition on GPU 1, jobs [95], slice ['7g.40gb'], 1 migration counts
Schedule time (MPS start): 1734
job 45 scheduled on GPU 1, jobs [95, 45], slice ['3g.20gb', '3g.20gb'], new mean degradation 1.763421118642373
MPS complete time: 1764
jobs [95, 45] finished MPS on GPU 1
Schedule time (MPS start): 1777
job 92 scheduled on GPU 7, jobs [96, 92], slice ['3g.20gb', '3g.20gb'], new mean degradation 1.7945601202824932
MPS complete time: 1807
jobs [96, 92] finished MPS on GPU 7
Finish time: 1812
job 2 finished
MIG re-partition on GPU 0, jobs [69], slice ['7g.40gb'], 1 migration counts
Schedule time (MPS start): 1826
job 67 scheduled on GPU 0, jobs [69, 67], slice ['3g.20gb', '3g.20gb'], new mean degradation 1.8947220077560558
Finish time: 1834
job 12 finished
MIG re-partition on GPU 6, jobs [86], slice ['7g.40gb'], 1 migration counts
MPS complete time: 1856
jobs [69, 67] finished MPS on GPU 0
Schedule time (MPS start): 1897
job 3 scheduled on GPU 6, jobs [86, 3], slice ['3g.20gb', '3g.20gb'], new mean degradation 1.2641433534086683
MPS complete time: 1927
jobs [86, 3] finished MPS on GPU 6
Finish time: 1927
job 58 finished
MIG re-partition on GPU 3, jobs [90], slice ['7g.40gb'], 1 migration counts
Schedule time (MPS start): 1950
job 24 scheduled on GPU 3, jobs [90, 24], slice ['3g.20gb', '3g.20gb'], new mean degradation 1.3419014873164703
MPS complete time: 1980
jobs [90, 24] finished MPS on GPU 3
Schedule time (MPS start): 1999
job 31 scheduled on GPU 0, jobs [69, 31, 67], slice ['3g.20gb', '2g.10gb', '2g.10gb'], new mean degradation 2.4572577235998607
MPS complete time: 2029
jobs [69, 31, 67] finished MPS on GPU 0
Finish time: 2050
job 3 finished
MIG re-partition on GPU 6, jobs [86], slice ['7g.40gb'], 1 migration counts
Finish time: 2057
job 81 finished
MIG re-partition on GPU 5, jobs [51], slice ['7g.40gb'], 1 migration counts
Schedule time (MPS start): 2058
job 71 scheduled on GPU 5, jobs [51, 71], slice ['3g.20gb', '3g.20gb'], new mean degradation 1.9353422256397796
Finish time: 2076
job 51 finished
MPS complete time: 2088
jobs [71] finished MPS on GPU 5
MIG re-partition on GPU 5, jobs [71], slice ['7g.40gb'], 1 migration counts
Schedule time (MPS start): 2109
job 1 scheduled on GPU 5, jobs [71, 1], slice ['3g.20gb', '3g.20gb'], new mean degradation 1.5401036773611798
Finish time: 2112
job 45 finished
MIG re-partition on GPU 1, jobs [95], slice ['7g.40gb'], 1 migration counts
MPS complete time: 2139
jobs [71, 1] finished MPS on GPU 5
Schedule time (MPS start): 2172
job 15 scheduled on GPU 1, jobs [95, 15], slice ['3g.20gb', '3g.20gb'], new mean degradation 1.7052786837852412
Finish time: 2173
job 24 finished
MIG re-partition on GPU 3, jobs [90], slice ['7g.40gb'], 1 migration counts
Finish time: 2175
job 77 finished
MIG re-partition on GPU 2, jobs [98], slice ['7g.40gb'], 1 migration counts
MPS complete time: 2202
jobs [95, 15] finished MPS on GPU 1
Schedule time (MPS start): 2226
job 27 scheduled on GPU 2, jobs [98, 27], slice ['3g.20gb', '3g.20gb'], new mean degradation 1.5314943852347365
MPS complete time: 2256
jobs [98, 27] finished MPS on GPU 2
Finish time: 2268
job 1 finished
MIG re-partition on GPU 5, jobs [71], slice ['7g.40gb'], 1 migration counts
Schedule time (MPS start): 2279
job 7 scheduled on GPU 3, jobs [90, 7], slice ['3g.20gb', '3g.20gb'], new mean degradation 1.5263002813815485
MPS complete time: 2309
jobs [90, 7] finished MPS on GPU 3
Schedule time (MPS start): 2352
job 38 scheduled on GPU 5, jobs [71, 38], slice ['3g.20gb', '3g.20gb'], new mean degradation 1.8402191088264241
Finish time: 2369
job 15 finished
MIG re-partition on GPU 1, jobs [95], slice ['7g.40gb'], 1 migration counts
Finish time: 2380
job 31 finished
MIG re-partition on GPU 0, jobs [69, 67], slice ['3g.20gb', '3g.20gb'], 1 migration counts
MPS complete time: 2382
jobs [71, 38] finished MPS on GPU 5
Finish time: 2411
job 27 finished
MIG re-partition on GPU 2, jobs [98], slice ['7g.40gb'], 1 migration counts
Schedule time (MPS start): 2413
job 65 scheduled on GPU 1, jobs [95, 65], slice ['3g.20gb', '3g.20gb'], new mean degradation 1.489105412734006
MPS complete time: 2443
jobs [95, 65] finished MPS on GPU 1
Finish time: 2455
job 86 finished
Schedule time (MPS start): 2475
job 44 scheduled on GPU 6, jobs [44], slice ['7g.40gb'], new mean degradation 1.0
Finish time: 2502
job 69 finished
MIG re-partition on GPU 0, jobs [67], slice ['7g.40gb'], 1 migration counts
MPS complete time: 2505
jobs [44] finished MPS on GPU 6
Finish time: 2530
job 7 finished
MIG re-partition on GPU 3, jobs [90], slice ['7g.40gb'], 1 migration counts
Schedule time (MPS start): 2536
job 68 scheduled on GPU 0, jobs [67, 68], slice ['3g.20gb', '3g.20gb'], new mean degradation 1.7678857696823465
MPS complete time: 2566
jobs [67, 68] finished MPS on GPU 0
Schedule time (MPS start): 2598
job 55 scheduled on GPU 2, jobs [98, 55], slice ['3g.20gb', '3g.20gb'], new mean degradation 1.8011649643631362
MPS complete time: 2628
jobs [98, 55] finished MPS on GPU 2
Schedule time (MPS start): 2649
job 39 scheduled on GPU 3, jobs [90, 39], slice ['3g.20gb', '3g.20gb'], new mean degradation 1.3300574067812176
MPS complete time: 2679
jobs [90, 39] finished MPS on GPU 3
Finish time: 2689
job 38 finished
MIG re-partition on GPU 5, jobs [71], slice ['7g.40gb'], 1 migration counts
Finish time: 2708
job 44 finished
Schedule time (MPS start): 2713
job 62 scheduled on GPU 6, jobs [62], slice ['7g.40gb'], new mean degradation 1.0
MPS complete time: 2743
jobs [62] finished MPS on GPU 6
Schedule time (MPS start): 2772
job 93 scheduled on GPU 5, jobs [71, 93], slice ['3g.20gb', '3g.20gb'], new mean degradation 1.4939948056488204
MPS complete time: 2802
jobs [71, 93] finished MPS on GPU 5
Schedule time (MPS start): 2832
job 83 scheduled on GPU 6, jobs [62, 83], slice ['3g.20gb', '3g.20gb'], new mean degradation 1.5528364487232096
MPS complete time: 2862
jobs [62, 83] finished MPS on GPU 6
Schedule time (MPS start): 2879
job 82 scheduled on GPU 0, jobs [67, 68, 82], slice ['3g.20gb', '2g.10gb', '2g.10gb'], new mean degradation 1.908850059289805
MPS complete time: 2909
jobs [67, 68, 82] finished MPS on GPU 0
Finish time: 2920
job 65 finished
MIG re-partition on GPU 1, jobs [95], slice ['7g.40gb'], 1 migration counts
Schedule time (MPS start): 2940
job 97 scheduled on GPU 1, jobs [95, 97], slice ['3g.20gb', '3g.20gb'], new mean degradation 1.5586256340769578
Finish time: 2941
job 67 finished
MIG re-partition on GPU 0, jobs [68, 82], slice ['3g.20gb', '3g.20gb'], 2 migration counts
Finish time: 2962
job 39 finished
MIG re-partition on GPU 3, jobs [90], slice ['7g.40gb'], 1 migration counts
MPS complete time: 2970
jobs [95, 97] finished MPS on GPU 1
Schedule time (MPS start): 2992
job 32 scheduled on GPU 3, jobs [90, 32], slice ['3g.20gb', '3g.20gb'], new mean degradation 1.219298954632845
MPS complete time: 3022
jobs [90, 32] finished MPS on GPU 3
Schedule time (MPS start): 3047
job 35 scheduled on GPU 0, jobs [68, 82, 35], slice ['3g.20gb', '2g.10gb', '2g.10gb'], new mean degradation 1.3902993771654852
MPS complete time: 3077
jobs [68, 82, 35] finished MPS on GPU 0
Finish time: 3112
job 55 finished
MIG re-partition on GPU 2, jobs [98], slice ['7g.40gb'], 1 migration counts
Schedule time (MPS start): 3113
job 18 scheduled on GPU 2, jobs [98, 18], slice ['3g.20gb', '3g.20gb'], new mean degradation 1.6922338702012185
MPS complete time: 3143
jobs [98, 18] finished MPS on GPU 2
Schedule time (MPS start): 3170
job 46 scheduled on GPU 1, jobs [46, 95, 97], slice ['3g.20gb', '2g.10gb', '2g.10gb'], new mean degradation 2.317226999875153
MPS complete time: 3200
jobs [46, 95, 97] finished MPS on GPU 1
Finish time: 3207
job 71 finished
MIG re-partition on GPU 5, jobs [93], slice ['7g.40gb'], 1 migration counts
Finish time: 3222
job 32 finished
MIG re-partition on GPU 3, jobs [90], slice ['7g.40gb'], 1 migration counts
Schedule time (MPS start): 3239
job 89 scheduled on GPU 3, jobs [90, 89], slice ['3g.20gb', '3g.20gb'], new mean degradation 1.1242065969945938
MPS complete time: 3269
jobs [90, 89] finished MPS on GPU 3
Finish time: 3285
job 35 finished
MIG re-partition on GPU 0, jobs [68, 82], slice ['3g.20gb', '3g.20gb'], 1 migration counts
Schedule time (MPS start): 3301
job 75 scheduled on GPU 5, jobs [93, 75], slice ['3g.20gb', '3g.20gb'], new mean degradation 1.0701154052566442
Finish time: 3324
job 18 finished
MIG re-partition on GPU 2, jobs [98], slice ['7g.40gb'], 1 migration counts
MPS complete time: 3331
jobs [93, 75] finished MPS on GPU 5
Finish time: 3341
job 62 finished
MIG re-partition on GPU 6, jobs [83], slice ['7g.40gb'], 1 migration counts
Schedule time (MPS start): 3364
job 61 scheduled on GPU 2, jobs [98, 61], slice ['3g.20gb', '3g.20gb'], new mean degradation 1.4680862295184827
MPS complete time: 3394
jobs [98, 61] finished MPS on GPU 2
Schedule time (MPS start): 3430
job 56 scheduled on GPU 6, jobs [83, 56], slice ['3g.20gb', '3g.20gb'], new mean degradation 1.4430539419862474
MPS complete time: 3460
jobs [83, 56] finished MPS on GPU 6
Schedule time (MPS start): 3489
job 91 scheduled on GPU 0, jobs [68, 82, 91], slice ['3g.20gb', '2g.10gb', '2g.10gb'], new mean degradation 1.4670083049582476
MPS complete time: 3519
jobs [68, 82, 91] finished MPS on GPU 0
Schedule time (MPS start): 3549
job 79 scheduled on GPU 2, jobs [98, 61, 79], slice ['3g.20gb', '2g.10gb', '2g.10gb'], new mean degradation 1.7729696778249047
Finish time: 3576
job 90 finished
MIG re-partition on GPU 3, jobs [89], slice ['7g.40gb'], 1 migration counts
MPS complete time: 3579
jobs [98, 61, 79] finished MPS on GPU 2
Finish time: 3599
job 68 finished
MIG re-partition on GPU 0, jobs [82, 91], slice ['3g.20gb', '3g.20gb'], 2 migration counts
Schedule time (MPS start): 3601
job 84 scheduled on GPU 3, jobs [89, 84], slice ['3g.20gb', '3g.20gb'], new mean degradation 1.489718335945216
Finish time: 3611
job 46 finished
MIG re-partition on GPU 1, jobs [95, 97], slice ['3g.20gb', '3g.20gb'], 2 migration counts
MPS complete time: 3631
jobs [89, 84] finished MPS on GPU 3
Schedule time (MPS start): 3670
job 60 scheduled on GPU 0, jobs [60, 82, 91], slice ['3g.20gb', '2g.10gb', '2g.10gb'], new mean degradation 1.5711407113826705
MPS complete time: 3700
jobs [60, 82, 91] finished MPS on GPU 0
Schedule time (MPS start): 3729
job 76 scheduled on GPU 1, jobs [95, 97, 76], slice ['3g.20gb', '2g.10gb', '2g.10gb'], new mean degradation 1.752279503484089
MPS complete time: 3759
jobs [95, 97, 76] finished MPS on GPU 1
Schedule time (MPS start): 3778
job 4 scheduled on GPU 3, jobs [84, 89, 4], slice ['3g.20gb', '2g.10gb', '2g.10gb'], new mean degradation 1.481814399641393
MPS complete time: 3808
jobs [84, 89, 4] finished MPS on GPU 3
Schedule time (MPS start): 3826
job 85 scheduled on GPU 4, jobs [85, 99, 88], slice ['3g.20gb', '2g.10gb', '2g.10gb'], new mean degradation 1.921562047820095
Finish time: 3847
job 61 finished
MIG re-partition on GPU 2, jobs [98, 79], slice ['3g.20gb', '3g.20gb'], 1 migration counts
MPS complete time: 3856
jobs [85, 99, 88] finished MPS on GPU 4
Schedule time (MPS start): 3872
job 33 scheduled on GPU 2, jobs [98, 79, 33], slice ['3g.20gb', '2g.10gb', '2g.10gb'], new mean degradation 1.771953963824094
Finish time: 3901
job 56 finished
MIG re-partition on GPU 6, jobs [83], slice ['7g.40gb'], 1 migration counts
MPS complete time: 3902
jobs [98, 79, 33] finished MPS on GPU 2
Schedule time (MPS start): 3934
job 66 scheduled on GPU 6, jobs [83, 66], slice ['3g.20gb', '3g.20gb'], new mean degradation 1.2491293452768795
Finish time: 3944
job 4 finished
MIG re-partition on GPU 3, jobs [84, 89], slice ['3g.20gb', '3g.20gb'], 1 migration counts
MPS complete time: 3964
jobs [83, 66] finished MPS on GPU 6
Schedule time (MPS start): 3998
job 63 scheduled on GPU 3, jobs [84, 89, 63], slice ['3g.20gb', '2g.10gb', '2g.10gb'], new mean degradation 1.7929956168622014
MPS complete time: 4028
jobs [84, 89, 63] finished MPS on GPU 3
Finish time: 4054
job 88 finished
MIG re-partition on GPU 4, jobs [85, 99], slice ['3g.20gb', '3g.20gb'], 1 migration counts
Schedule time (MPS start): 4054
job 29 scheduled on GPU 4, jobs [85, 99, 29], slice ['3g.20gb', '2g.10gb', '2g.10gb'], new mean degradation 1.8354077150779518
MPS complete time: 4084
jobs [85, 99, 29] finished MPS on GPU 4
Finish time: 4086
job 33 finished
MIG re-partition on GPU 2, jobs [98, 79], slice ['3g.20gb', '3g.20gb'], 1 migration counts
Schedule time (MPS start): 4122
job 87 scheduled on GPU 2, jobs [98, 79, 87], slice ['3g.20gb', '2g.10gb', '2g.10gb'], new mean degradation 1.9524985883896198
MPS complete time: 4152
jobs [98, 79, 87] finished MPS on GPU 2
Finish time: 4174
job 75 finished
MIG re-partition on GPU 5, jobs [93], slice ['7g.40gb'], 1 migration counts
Schedule time (MPS start): 4179
job 9 scheduled on GPU 5, jobs [93, 9], slice ['3g.20gb', '3g.20gb'], new mean degradation 1.0469989054231619
MPS complete time: 4209
jobs [93, 9] finished MPS on GPU 5
Schedule time (MPS start): 4236
job 40 scheduled on GPU 5, jobs [40, 93, 9], slice ['3g.20gb', '2g.10gb', '2g.10gb'], new mean degradation 1.4142980034592512
MPS complete time: 4266
jobs [40, 93, 9] finished MPS on GPU 5
Finish time: 4292
job 29 finished
MIG re-partition on GPU 4, jobs [85, 99], slice ['3g.20gb', '3g.20gb'], 1 migration counts
Schedule time (MPS start): 4304
job 19 scheduled on GPU 4, jobs [85, 19, 99], slice ['3g.20gb', '2g.10gb', '2g.10gb'], new mean degradation 1.9364297216701616
MPS complete time: 4334
jobs [85, 19, 99] finished MPS on GPU 4
Finish time: 4356
job 82 finished
MIG re-partition on GPU 0, jobs [60, 91], slice ['3g.20gb', '3g.20gb'], 1 migration counts
Schedule time (MPS start): 4364
job 50 scheduled on GPU 0, jobs [60, 91, 50], slice ['3g.20gb', '2g.10gb', '2g.10gb'], new mean degradation 2.2714615100430637
Finish time: 4374
job 9 finished
MIG re-partition on GPU 5, jobs [40, 93], slice ['3g.20gb', '3g.20gb'], 1 migration counts
MPS complete time: 4394
jobs [60, 91, 50] finished MPS on GPU 0
Schedule time (MPS start): 4417
job 36 scheduled on GPU 5, jobs [40, 93, 36], slice ['3g.20gb', '2g.10gb', '2g.10gb'], new mean degradation 2.06083789617823
MPS complete time: 4447
jobs [40, 93, 36] finished MPS on GPU 5
Finish time: 4448
job 60 finished
MIG re-partition on GPU 0, jobs [91, 50], slice ['3g.20gb', '3g.20gb'], 2 migration counts
Finish time: 4483
job 66 finished
MIG re-partition on GPU 6, jobs [83], slice ['7g.40gb'], 1 migration counts
Schedule time (MPS start): 4499
job 73 scheduled on GPU 6, jobs [83, 73], slice ['3g.20gb', '3g.20gb'], new mean degradation 1.2941469160534078
MPS complete time: 4529
jobs [83, 73] finished MPS on GPU 6
Finish time: 4544
job 19 finished
MIG re-partition on GPU 4, jobs [85, 99], slice ['3g.20gb', '3g.20gb'], 1 migration counts
Schedule time (MPS start): 4569
job 94 scheduled on GPU 0, jobs [50, 91, 94], slice ['3g.20gb', '2g.10gb', '2g.10gb'], new mean degradation 1.667880042084942
Finish time: 4590
job 40 finished
MIG re-partition on GPU 5, jobs [93, 36], slice ['3g.20gb', '3g.20gb'], 2 migration counts
MPS complete time: 4599
jobs [50, 91, 94] finished MPS on GPU 0
Schedule time (MPS start): 4621
job 22 scheduled on GPU 4, jobs [85, 99, 22], slice ['3g.20gb', '2g.10gb', '2g.10gb'], new mean degradation 1.7610513230877618
MPS complete time: 4651
jobs [85, 99, 22] finished MPS on GPU 4
Schedule time (MPS start): 4680
job 80 scheduled on GPU 5, jobs [36, 93, 80], slice ['3g.20gb', '2g.10gb', '2g.10gb'], new mean degradation 1.8774516529456424
MPS complete time: 4710
jobs [36, 93, 80] finished MPS on GPU 5
Schedule time (MPS start): 4748
job 41 scheduled on GPU 6, jobs [41, 83, 73], slice ['3g.20gb', '2g.10gb', '2g.10gb'], new mean degradation 1.8406692862485008
MPS complete time: 4778
jobs [41, 83, 73] finished MPS on GPU 6
Finish time: 4801
job 22 finished
MIG re-partition on GPU 4, jobs [85, 99], slice ['3g.20gb', '3g.20gb'], 1 migration counts
Schedule time (MPS start): 4803
job 74 scheduled on GPU 4, jobs [85, 99, 74], slice ['3g.20gb', '2g.10gb', '2g.10gb'], new mean degradation 1.9518879085148153
MPS complete time: 4833
jobs [85, 99, 74] finished MPS on GPU 4
Finish time: 4843
job 36 finished
MIG re-partition on GPU 5, jobs [93, 80], slice ['3g.20gb', '3g.20gb'], 2 migration counts
Schedule time (MPS start): 4860
job 72 scheduled on GPU 5, jobs [80, 93, 72], slice ['3g.20gb', '2g.10gb', '2g.10gb'], new mean degradation 1.3749051023414707
Finish time: 4887
job 50 finished
MIG re-partition on GPU 0, jobs [91, 94], slice ['3g.20gb', '3g.20gb'], 2 migration counts
MPS complete time: 4890
jobs [80, 93, 72] finished MPS on GPU 5
Finish time: 4921
job 63 finished
MIG re-partition on GPU 3, jobs [84, 89], slice ['3g.20gb', '3g.20gb'], 1 migration counts
Schedule time (MPS start): 4929
job 52 scheduled on GPU 0, jobs [52, 91, 94], slice ['3g.20gb', '2g.10gb', '2g.10gb'], new mean degradation 1.6628718550718737
MPS complete time: 4959
jobs [52, 91, 94] finished MPS on GPU 0
Finish time: 5024
job 76 finished
MIG re-partition on GPU 1, jobs [95, 97], slice ['3g.20gb', '3g.20gb'], 1 migration counts
Finish time: 5119
job 83 finished
MIG re-partition on GPU 6, jobs [41, 73], slice ['3g.20gb', '3g.20gb'], 1 migration counts
Finish time: 5133
job 41 finished
MIG re-partition on GPU 6, jobs [73], slice ['7g.40gb'], 1 migration counts
Finish time: 5381
job 73 finished
Finish time: 5441
job 52 finished
MIG re-partition on GPU 0, jobs [91, 94], slice ['3g.20gb', '3g.20gb'], 2 migration counts
Finish time: 5738
job 72 finished
MIG re-partition on GPU 5, jobs [80, 93], slice ['3g.20gb', '3g.20gb'], 1 migration counts
Finish time: 5816
job 79 finished
MIG re-partition on GPU 2, jobs [98, 87], slice ['3g.20gb', '3g.20gb'], 1 migration counts
Finish time: 5990
job 89 finished
MIG re-partition on GPU 3, jobs [84], slice ['7g.40gb'], 1 migration counts
Finish time: 6209
job 74 finished
MIG re-partition on GPU 4, jobs [85, 99], slice ['3g.20gb', '3g.20gb'], 1 migration counts
Finish time: 6301
job 84 finished
Finish time: 6308
job 93 finished
MIG re-partition on GPU 5, jobs [80], slice ['7g.40gb'], 1 migration counts
Finish time: 6420
job 80 finished
Finish time: 6727
job 91 finished
MIG re-partition on GPU 0, jobs [94], slice ['7g.40gb'], 1 migration counts
Finish time: 6732
job 85 finished
MIG re-partition on GPU 4, jobs [99], slice ['7g.40gb'], 1 migration counts
Finish time: 7155
job 92 finished
MIG re-partition on GPU 7, jobs [96], slice ['7g.40gb'], 1 migration counts
Finish time: 7198
job 87 finished
MIG re-partition on GPU 2, jobs [98], slice ['7g.40gb'], 1 migration counts
Finish time: 7242
job 96 finished
Finish time: 8380
job 94 finished
Finish time: 8893
job 98 finished
Finish time: 9086
job 99 finished
Finish time: 9162
job 97 finished
MIG re-partition on GPU 1, jobs [95], slice ['7g.40gb'], 1 migration counts
Finish time: 9229
job 95 finished
Time: 9229, all jobs are finished!
